1600351218408	geckodriver	INFO	Listening on 127.0.0.1:3372
1600351221353	mozrunner::runner	INFO	Running command: "C:\\Program Files\\Mozilla Firefox\\firefox.exe" "--marionette" "-foreground" "-no-remote" "-profile" "C:\\Users\\UserPC\\AppData\\Local\\Temp\\rust_mozprofileaOotXs"
JavaScript error: resource://gre/modules/XULStore.jsm, line 66: Error: Can't find profile directory.
console.error: SearchCache: "_readCacheFile: Error reading cache file:" (new Error("", "(unknown module)"))
1600351226228	Marionette	INFO	Listening on port 3380
1600351226630	Marionette	WARN	TLS certificate errors will be ignored for this session
1600351319066	Marionette	INFO	Stopped listening on port 3380

###!!! [Child][RunMessage] Error: Channel closing: too late to send/recv, messages will be lost


###!!! [Child][MessageChannel::SendAndWait] Error: Channel error: cannot send/recv

\Temp\\rust_mozprofileVPvA0f"
JavaScript error: resource://gre/modules/XULStore.jsm, line 66: Error: Can't find profile directory.
console.error: SearchCache: "_readCacheFile: Error reading cache file:" (new Error("", "(unknown module)"))
1600351258848	Marionette	INFO	Listening on port 3425
1600351259190	Marionette	WARN	TLS certificate errors will be ignored for this session
1600351266367	Marionette	INFO	Stopped listening on port 3425

###!!! [Child][RunMessage] Error: Channel closing: too late to send/recv, messages will be lost


###!!! [Child][MessageChannel::SendAndWait] Error: Channel error: cannot send/recv

1600351291546	geckodriver	INFO	Listening on 127.0.0.1:3459
1600351294500	mozrunner::runner	INFO	Running command: "C:\\Program Files\\Mozilla Firefox\\firefox.exe" "--marionette" "-foreground" "-no-remote" "-profile" "C:\\Users\\UserPC\\AppData\\Local\\Temp\\rust_mozprofilesCoNaH"
JavaScript error: resource://gre/modules/XULStore.jsm, line 66: Error: Can't find profile directory.
console.error: SearchCache: "_readCacheFile: Error reading cache file:" (new Error("", "(unknown module)"))
1600351298072	Marionette	INFO	Listening on port 3467
1600351298158	Marionette	WARN	TLS certificate errors will be ignored for this session

###!!! [Child][RunMessage] Error: Channel closing: too late to send/recv, messages will be lost

1600351319062	Marionette	INFO	Stopped listening on port 3467

###!!! [Child][RunMessage] Error: Channel closing: too late to send/recv, messages will be lost


###!!! [Child][MessageChannel::SendAndWait] Error: Channel error: cannot send/recv

1600361981276	geckodriver	INFO	Listening on 127.0.0.1:2645
1600361984218	mozrunner::runner	INFO	Running command: "C:\\Program Files\\Mozilla Firefox\\firefox.exe" "--marionette" "-foreground" "-no-remote" "-profile" "C:\\Users\\UserPC\\AppData\\Local\\Temp\\rust_mozprofilemqMAZA"
JavaScript error: resource://gre/modules/XULStore.jsm, line 66: Error: Can't find profile directory.
console.error: SearchCache: "_readCacheFile: Error reading cache file:" (new Error("", "(unknown module)"))
1600361988600	Marionette	INFO	Listening on port 2654
1600361988967	Marionette	WARN	TLS certificate errors will be ignored for this session

###!!! [Child][RunMessage] Error: Channel closing: too late to send/recv, messages will be lost

1600362041544	Marionette	INFO	Stopped listening on port 2654

###!!! [Child][RunMessage] Error: Channel closing: too late to send/recv, messages will be lost


###!!! [Child][MessageChannel::SendAndWait] Error: Channel error: cannot send/recv

